<?xml version="1.0" encoding="UTF-8"?>
<testng-results skipped="0" failed="0" total="4" passed="4">
  <reporter-output>
  </reporter-output>
  <suite name="Suite" duration-ms="53513" started-at="2020-03-23T22:05:39Z" finished-at="2020-03-23T22:06:32Z">
    <groups>
    </groups>
    <test name="Test" duration-ms="53513" started-at="2020-03-23T22:05:39Z" finished-at="2020-03-23T22:06:32Z">
      <class name="Xero.XeroURL">
        <test-method status="PASS" signature="Initialize()[pri:0, instance:Xero.XeroURL@3d36e4cd]" name="Initialize" is-config="true" duration-ms="10600" started-at="2020-03-23T16:05:39Z" finished-at="2020-03-23T16:05:49Z">
          <reporter-output>
          </reporter-output>
        </test-method> <!-- Initialize -->
        <test-method status="PASS" signature="LoginPage()[pri:0, instance:Xero.XeroURL@3d36e4cd]" name="LoginPage" duration-ms="17145" started-at="2020-03-23T16:05:49Z" finished-at="2020-03-23T16:06:07Z">
          <reporter-output>
          </reporter-output>
        </test-method> <!-- LoginPage -->
        <test-method status="PASS" signature="IncorrectPassWord_2()[pri:0, instance:Xero.XeroURL@3d36e4cd]" name="IncorrectPassWord_2" duration-ms="7649" started-at="2020-03-23T16:06:07Z" finished-at="2020-03-23T16:06:14Z">
          <reporter-output>
          </reporter-output>
        </test-method> <!-- IncorrectPassWord_2 -->
        <test-method status="PASS" signature="IncorrectUserName_3()[pri:0, instance:Xero.XeroURL@3d36e4cd]" name="IncorrectUserName_3" duration-ms="7430" started-at="2020-03-23T16:06:14Z" finished-at="2020-03-23T16:06:22Z">
          <reporter-output>
          </reporter-output>
        </test-method> <!-- IncorrectUserName_3 -->
        <test-method status="PASS" signature="ForgotPassword()[pri:0, instance:Xero.XeroURL@3d36e4cd]" name="ForgotPassword" duration-ms="1948" started-at="2020-03-23T16:06:22Z" finished-at="2020-03-23T16:06:24Z">
          <reporter-output>
          </reporter-output>
        </test-method> <!-- ForgotPassword -->
        <test-method status="PASS" signature="CloseBrowser1()[pri:0, instance:Xero.XeroURL@3d36e4cd]" name="CloseBrowser1" is-config="true" duration-ms="8719" started-at="2020-03-23T16:06:24Z" finished-at="2020-03-23T16:06:32Z">
          <reporter-output>
          </reporter-output>
        </test-method> <!-- CloseBrowser1 -->
      </class> <!-- Xero.XeroURL -->
    </test> <!-- Test -->
  </suite> <!-- Suite -->
</testng-results>
