<?xml version="1.0" encoding="UTF-8"?>
<!-- Generated by org.testng.reporters.JUnitXMLReporter -->
<testsuite hostname="DESKTOP-F0KHIUD" name="Test" tests="4" failures="0" timestamp="23 Mar 2020 22:06:32 GMT" time="53.513" errors="0">
  <testcase name="LoginPage" time="17.145" classname="Xero.XeroURL"/>
  <testcase name="IncorrectPassWord_2" time="7.649" classname="Xero.XeroURL"/>
  <testcase name="IncorrectUserName_3" time="7.43" classname="Xero.XeroURL"/>
  <testcase name="ForgotPassword" time="1.948" classname="Xero.XeroURL"/>
</testsuite> <!-- Test -->
