<?xml version="1.0" encoding="UTF-8"?>
<!-- Generated by org.testng.reporters.JUnitXMLReporter -->
<testsuite hostname="DESKTOP-F0KHIUD" ignored="0" name="Default test" tests="4" failures="0" timestamp="2020-03-23T15:53:48 MDT" time="55.221" errors="0">
  <testcase name="LoginPage" time="18.574" classname="Xero.XeroURL"/>
  <testcase name="IncorrectPassWord_2" time="7.26" classname="Xero.XeroURL"/>
  <testcase name="IncorrectUserName_3" time="7.208" classname="Xero.XeroURL"/>
  <testcase name="ForgotPassword" time="1.224" classname="Xero.XeroURL"/>
</testsuite> <!-- Default test -->
