<?xml version="1.0" encoding="UTF-8"?>
<testng-results skipped="0" failed="0" ignored="0" total="4" passed="4">
  <reporter-output>
  </reporter-output>
  <suite name="Default suite" duration-ms="55221" started-at="2020-03-23T15:52:53 MDT" finished-at="2020-03-23T15:53:48 MDT">
    <groups>
    </groups>
    <test name="Default test" duration-ms="55221" started-at="2020-03-23T15:52:53 MDT" finished-at="2020-03-23T15:53:48 MDT">
      <class name="Xero.XeroURL">
        <test-method status="PASS" signature="Initialize()[pri:0, instance:Xero.XeroURL@5faeada1]" name="Initialize" is-config="true" duration-ms="11358" started-at="2020-03-23T15:52:53 MDT" finished-at="2020-03-23T15:53:04 MDT">
          <reporter-output>
          </reporter-output>
        </test-method> <!-- Initialize -->
        <test-method status="PASS" signature="LoginPage()[pri:1, instance:Xero.XeroURL@5faeada1]" name="LoginPage" duration-ms="18574" started-at="2020-03-23T15:53:04 MDT" finished-at="2020-03-23T15:53:23 MDT">
          <reporter-output>
          </reporter-output>
        </test-method> <!-- LoginPage -->
        <test-method status="PASS" signature="IncorrectPassWord_2()[pri:2, instance:Xero.XeroURL@5faeada1]" name="IncorrectPassWord_2" duration-ms="7260" started-at="2020-03-23T15:53:23 MDT" finished-at="2020-03-23T15:53:30 MDT">
          <reporter-output>
          </reporter-output>
        </test-method> <!-- IncorrectPassWord_2 -->
        <test-method status="PASS" signature="IncorrectUserName_3()[pri:3, instance:Xero.XeroURL@5faeada1]" name="IncorrectUserName_3" duration-ms="7208" started-at="2020-03-23T15:53:30 MDT" finished-at="2020-03-23T15:53:37 MDT">
          <reporter-output>
          </reporter-output>
        </test-method> <!-- IncorrectUserName_3 -->
        <test-method status="PASS" signature="ForgotPassword()[pri:4, instance:Xero.XeroURL@5faeada1]" name="ForgotPassword" duration-ms="1224" started-at="2020-03-23T15:53:37 MDT" finished-at="2020-03-23T15:53:38 MDT">
          <reporter-output>
          </reporter-output>
        </test-method> <!-- ForgotPassword -->
        <test-method status="PASS" signature="CloseBrowser1()[pri:0, instance:Xero.XeroURL@5faeada1]" name="CloseBrowser1" is-config="true" duration-ms="9506" started-at="2020-03-23T15:53:38 MDT" finished-at="2020-03-23T15:53:48 MDT">
          <reporter-output>
          </reporter-output>
        </test-method> <!-- CloseBrowser1 -->
      </class> <!-- Xero.XeroURL -->
    </test> <!-- Default test -->
  </suite> <!-- Default suite -->
</testng-results>
